
  .   ____          _            __ _ _
 /\\ / ___'_ __ _ _(_)_ __  __ _ \ \ \ \
( ( )\___ | '_ | '_| | '_ \/ _` | \ \ \ \
 \\/  ___)| |_)| | | | | || (_| |  ) ) ) )
  '  |____| .__|_| |_|_| |_\__, | / / / /
 =========|_|==============|___/=/_/_/_/
 :: Spring Boot ::        (v1.5.6.RELEASE)

2019-12-08 22:06:56.537  INFO 26429 --- [           main] r.booking.BookingDemoApplication         : Starting BookingDemoApplication v0.0.1-SNAPSHOT on ubntflsk with PID 26429 (/home/kshipkov/github/BookingDemo/target/BookingDemo-0.0.1-SNAPSHOT.war started by jenkins in /home/kshipkov/github/BookingDemo)
2019-12-08 22:06:56.553  INFO 26429 --- [           main] r.booking.BookingDemoApplication         : No active profile set, falling back to default profiles: default
WARNING: An illegal reflective access operation has occurred
WARNING: Illegal reflective access by org.codehaus.groovy.reflection.CachedClass (jar:file:/home/kshipkov/github/BookingDemo/target/BookingDemo-0.0.1-SNAPSHOT.war!/WEB-INF/lib/groovy-2.4.12.jar!/) to method java.lang.Object.finalize()
WARNING: Please consider reporting this to the maintainers of org.codehaus.groovy.reflection.CachedClass
WARNING: Use --illegal-access=warn to enable warnings of further illegal reflective access operations
WARNING: All illegal access operations will be denied in a future release
2019-12-08 22:06:58.497  INFO 26429 --- [           main] ationConfigEmbeddedWebApplicationContext : Refreshing org.springframework.boot.context.embedded.AnnotationConfigEmbeddedWebApplicationContext@1877ab81: startup date [Sun Dec 08 22:06:58 MSK 2019]; root of context hierarchy
2019-12-08 22:07:08.894  INFO 26429 --- [           main] s.b.c.e.t.TomcatEmbeddedServletContainer : Tomcat initialized with port(s): 8082 (http)
2019-12-08 22:07:09.091  INFO 26429 --- [           main] o.apache.catalina.core.StandardService   : Starting service [Tomcat]
2019-12-08 22:07:09.098  INFO 26429 --- [           main] org.apache.catalina.core.StandardEngine  : Starting Servlet Engine: Apache Tomcat/8.5.16
2019-12-08 22:07:13.699  INFO 26429 --- [ost-startStop-1] o.a.c.c.C.[Tomcat].[localhost].[/]       : Initializing Spring embedded WebApplicationContext
2019-12-08 22:07:13.701  INFO 26429 --- [ost-startStop-1] o.s.web.context.ContextLoader            : Root WebApplicationContext: initialization completed in 15248 ms
2019-12-08 22:07:14.940  INFO 26429 --- [ost-startStop-1] o.s.b.w.servlet.ServletRegistrationBean  : Mapping servlet: 'dispatcherServlet' to [/]
2019-12-08 22:07:14.960  INFO 26429 --- [ost-startStop-1] o.s.b.w.servlet.FilterRegistrationBean   : Mapping filter: 'metricsFilter' to: [/*]
2019-12-08 22:07:14.963  INFO 26429 --- [ost-startStop-1] o.s.b.w.servlet.FilterRegistrationBean   : Mapping filter: 'characterEncodingFilter' to: [/*]
2019-12-08 22:07:14.965  INFO 26429 --- [ost-startStop-1] o.s.b.w.servlet.FilterRegistrationBean   : Mapping filter: 'hiddenHttpMethodFilter' to: [/*]
2019-12-08 22:07:14.968  INFO 26429 --- [ost-startStop-1] o.s.b.w.servlet.FilterRegistrationBean   : Mapping filter: 'httpPutFormContentFilter' to: [/*]
2019-12-08 22:07:14.970  INFO 26429 --- [ost-startStop-1] o.s.b.w.servlet.FilterRegistrationBean   : Mapping filter: 'requestContextFilter' to: [/*]
2019-12-08 22:07:14.973  INFO 26429 --- [ost-startStop-1] o.s.b.w.servlet.FilterRegistrationBean   : Mapping filter: 'webRequestLoggingFilter' to: [/*]
2019-12-08 22:07:14.974  INFO 26429 --- [ost-startStop-1] o.s.b.w.servlet.FilterRegistrationBean   : Mapping filter: 'applicationContextIdFilter' to: [/*]
2019-12-08 22:07:18.579  INFO 26429 --- [           main] j.LocalContainerEntityManagerFactoryBean : Building JPA container EntityManagerFactory for persistence unit 'default'
2019-12-08 22:07:18.687  INFO 26429 --- [           main] o.hibernate.jpa.internal.util.LogHelper  : HHH000204: Processing PersistenceUnitInfo [
	name: default
	...]
2019-12-08 22:07:19.255  INFO 26429 --- [           main] org.hibernate.Version                    : HHH000412: Hibernate Core {5.0.12.Final}
2019-12-08 22:07:19.261  INFO 26429 --- [           main] org.hibernate.cfg.Environment            : HHH000206: hibernate.properties not found
2019-12-08 22:07:19.264  INFO 26429 --- [           main] org.hibernate.cfg.Environment            : HHH000021: Bytecode provider name : javassist
2019-12-08 22:07:19.469  INFO 26429 --- [           main] o.hibernate.annotations.common.Version   : HCANN000001: Hibernate Commons Annotations {5.0.1.Final}
2019-12-08 22:07:20.613  INFO 26429 --- [           main] org.hibernate.dialect.Dialect            : HHH000400: Using dialect: org.hibernate.dialect.H2Dialect
2019-12-08 22:07:21.455  WARN 26429 --- [           main] org.hibernate.orm.deprecation            : HHH90000014: Found use of deprecated [org.hibernate.id.SequenceHiLoGenerator] sequence-based id generator; use org.hibernate.id.enhanced.SequenceStyleGenerator instead.  See Hibernate Domain Model Mapping Guide for details.
2019-12-08 22:07:22.684  INFO 26429 --- [           main] org.hibernate.tool.hbm2ddl.SchemaExport  : HHH000227: Running hbm2ddl schema export
2019-12-08 22:07:22.899  INFO 26429 --- [           main] org.hibernate.tool.hbm2ddl.SchemaExport  : HHH000230: Schema export complete
2019-12-08 22:07:23.379  INFO 26429 --- [           main] j.LocalContainerEntityManagerFactoryBean : Initialized JPA EntityManagerFactory for persistence unit 'default'
2019-12-08 22:07:27.284  INFO 26429 --- [           main] s.w.s.m.m.a.RequestMappingHandlerAdapter : Looking for @ControllerAdvice: org.springframework.boot.context.embedded.AnnotationConfigEmbeddedWebApplicationContext@1877ab81: startup date [Sun Dec 08 22:06:58 MSK 2019]; root of context hierarchy
2019-12-08 22:07:27.721  INFO 26429 --- [           main] s.w.s.m.m.a.RequestMappingHandlerMapping : Mapped "{[/]}" onto public java.lang.String romaniancoder.booking.ViewController.index(org.springframework.ui.Model)
2019-12-08 22:07:27.741  INFO 26429 --- [           main] s.w.s.m.m.a.RequestMappingHandlerMapping : Mapped "{[/bookings/delete/{id}],methods=[POST]}" onto public java.util.List<romaniancoder.booking.HotelBooking> romaniancoder.booking.BookingController.remove(long)
2019-12-08 22:07:27.751  INFO 26429 --- [           main] s.w.s.m.m.a.RequestMappingHandlerMapping : Mapped "{[/bookings/create],methods=[POST]}" onto public java.util.List<romaniancoder.booking.HotelBooking> romaniancoder.booking.BookingController.create(romaniancoder.booking.HotelBooking)
2019-12-08 22:07:27.774  INFO 26429 --- [           main] s.w.s.m.m.a.RequestMappingHandlerMapping : Mapped "{[/bookings/all],methods=[GET]}" onto public java.util.List<romaniancoder.booking.HotelBooking> romaniancoder.booking.BookingController.getAll()
2019-12-08 22:07:27.775  INFO 26429 --- [           main] s.w.s.m.m.a.RequestMappingHandlerMapping : Mapped "{[/bookings/affordable/{price}],methods=[GET]}" onto public java.util.List<romaniancoder.booking.HotelBooking> romaniancoder.booking.BookingController.getAffordable(double)
2019-12-08 22:07:27.776  INFO 26429 --- [           main] s.w.s.m.m.a.RequestMappingHandlerMapping : Mapped "{[/hello]}" onto public java.lang.String romaniancoder.booking.DemoController.hello()
2019-12-08 22:07:27.777  INFO 26429 --- [           main] s.w.s.m.m.a.RequestMappingHandlerMapping : Mapped "{[/jsondoc],methods=[GET],produces=[application/json]}" onto public org.jsondoc.core.pojo.JSONDoc org.jsondoc.springmvc.controller.JSONDocController.getApi()
2019-12-08 22:07:27.826  INFO 26429 --- [           main] s.w.s.m.m.a.RequestMappingHandlerMapping : Mapped "{[/error]}" onto public org.springframework.http.ResponseEntity<java.util.Map<java.lang.String, java.lang.Object>> org.springframework.boot.autoconfigure.web.BasicErrorController.error(javax.servlet.http.HttpServletRequest)
2019-12-08 22:07:27.841  INFO 26429 --- [           main] s.w.s.m.m.a.RequestMappingHandlerMapping : Mapped "{[/error],produces=[text/html]}" onto public org.springframework.web.servlet.ModelAndView org.springframework.boot.autoconfigure.web.BasicErrorController.errorHtml(javax.servlet.http.HttpServletRequest,javax.servlet.http.HttpServletResponse)
2019-12-08 22:07:27.945  INFO 26429 --- [           main] o.s.w.s.handler.SimpleUrlHandlerMapping  : Mapped URL path [/webjars/**] onto handler of type [class org.springframework.web.servlet.resource.ResourceHttpRequestHandler]
2019-12-08 22:07:27.947  INFO 26429 --- [           main] o.s.w.s.handler.SimpleUrlHandlerMapping  : Mapped URL path [/**] onto handler of type [class org.springframework.web.servlet.resource.ResourceHttpRequestHandler]
2019-12-08 22:07:28.251  INFO 26429 --- [           main] o.s.w.s.handler.SimpleUrlHandlerMapping  : Mapped URL path [/**/favicon.ico] onto handler of type [class org.springframework.web.servlet.resource.ResourceHttpRequestHandler]
2019-12-08 22:07:31.558  INFO 26429 --- [           main] o.s.b.a.e.mvc.EndpointHandlerMapping     : Mapped "{[/dump || /dump.json],methods=[GET],produces=[application/vnd.spring-boot.actuator.v1+json || application/json]}" onto public java.lang.Object org.springframework.boot.actuate.endpoint.mvc.EndpointMvcAdapter.invoke()
2019-12-08 22:07:31.565  INFO 26429 --- [           main] o.s.b.a.e.mvc.EndpointHandlerMapping     : Mapped "{[/health || /health.json],methods=[GET],produces=[application/vnd.spring-boot.actuator.v1+json || application/json]}" onto public java.lang.Object org.springframework.boot.actuate.endpoint.mvc.HealthMvcEndpoint.invoke(javax.servlet.http.HttpServletRequest,java.security.Principal)
2019-12-08 22:07:31.583  INFO 26429 --- [           main] o.s.b.a.e.mvc.EndpointHandlerMapping     : Mapped "{[/loggers/{name:.*}],methods=[GET],produces=[application/vnd.spring-boot.actuator.v1+json || application/json]}" onto public java.lang.Object org.springframework.boot.actuate.endpoint.mvc.LoggersMvcEndpoint.get(java.lang.String)
2019-12-08 22:07:31.584  INFO 26429 --- [           main] o.s.b.a.e.mvc.EndpointHandlerMapping     : Mapped "{[/loggers/{name:.*}],methods=[POST],consumes=[application/vnd.spring-boot.actuator.v1+json || application/json],produces=[application/vnd.spring-boot.actuator.v1+json || application/json]}" onto public java.lang.Object org.springframework.boot.actuate.endpoint.mvc.LoggersMvcEndpoint.set(java.lang.String,java.util.Map<java.lang.String, java.lang.String>)
2019-12-08 22:07:31.592  INFO 26429 --- [           main] o.s.b.a.e.mvc.EndpointHandlerMapping     : Mapped "{[/loggers || /loggers.json],methods=[GET],produces=[application/vnd.spring-boot.actuator.v1+json || application/json]}" onto public java.lang.Object org.springframework.boot.actuate.endpoint.mvc.EndpointMvcAdapter.invoke()
2019-12-08 22:07:31.593  INFO 26429 --- [           main] o.s.b.a.e.mvc.EndpointHandlerMapping     : Mapped "{[/mappings || /mappings.json],methods=[GET],produces=[application/vnd.spring-boot.actuator.v1+json || application/json]}" onto public java.lang.Object org.springframework.boot.actuate.endpoint.mvc.EndpointMvcAdapter.invoke()
2019-12-08 22:07:31.616  INFO 26429 --- [           main] o.s.b.a.e.mvc.EndpointHandlerMapping     : Mapped "{[/autoconfig || /autoconfig.json],methods=[GET],produces=[application/vnd.spring-boot.actuator.v1+json || application/json]}" onto public java.lang.Object org.springframework.boot.actuate.endpoint.mvc.EndpointMvcAdapter.invoke()
2019-12-08 22:07:31.626  INFO 26429 --- [           main] o.s.b.a.e.mvc.EndpointHandlerMapping     : Mapped "{[/auditevents || /auditevents.json],methods=[GET],produces=[application/vnd.spring-boot.actuator.v1+json || application/json]}" onto public org.springframework.http.ResponseEntity<?> org.springframework.boot.actuate.endpoint.mvc.AuditEventsMvcEndpoint.findByPrincipalAndAfterAndType(java.lang.String,java.util.Date,java.lang.String)
2019-12-08 22:07:31.633  INFO 26429 --- [           main] o.s.b.a.e.mvc.EndpointHandlerMapping     : Mapped "{[/metrics/{name:.*}],methods=[GET],produces=[application/vnd.spring-boot.actuator.v1+json || application/json]}" onto public java.lang.Object org.springframework.boot.actuate.endpoint.mvc.MetricsMvcEndpoint.value(java.lang.String)
2019-12-08 22:07:31.657  INFO 26429 --- [           main] o.s.b.a.e.mvc.EndpointHandlerMapping     : Mapped "{[/metrics || /metrics.json],methods=[GET],produces=[application/vnd.spring-boot.actuator.v1+json || application/json]}" onto public java.lang.Object org.springframework.boot.actuate.endpoint.mvc.EndpointMvcAdapter.invoke()
2019-12-08 22:07:31.659  INFO 26429 --- [           main] o.s.b.a.e.mvc.EndpointHandlerMapping     : Mapped "{[/heapdump || /heapdump.json],methods=[GET],produces=[application/octet-stream]}" onto public void org.springframework.boot.actuate.endpoint.mvc.HeapdumpMvcEndpoint.invoke(boolean,javax.servlet.http.HttpServletRequest,javax.servlet.http.HttpServletResponse) throws java.io.IOException,javax.servlet.ServletException
2019-12-08 22:07:31.661  INFO 26429 --- [           main] o.s.b.a.e.mvc.EndpointHandlerMapping     : Mapped "{[/configprops || /configprops.json],methods=[GET],produces=[application/vnd.spring-boot.actuator.v1+json || application/json]}" onto public java.lang.Object org.springframework.boot.actuate.endpoint.mvc.EndpointMvcAdapter.invoke()
2019-12-08 22:07:31.664  INFO 26429 --- [           main] o.s.b.a.e.mvc.EndpointHandlerMapping     : Mapped "{[/env/{name:.*}],methods=[GET],produces=[application/vnd.spring-boot.actuator.v1+json || application/json]}" onto public java.lang.Object org.springframework.boot.actuate.endpoint.mvc.EnvironmentMvcEndpoint.value(java.lang.String)
2019-12-08 22:07:31.667  INFO 26429 --- [           main] o.s.b.a.e.mvc.EndpointHandlerMapping     : Mapped "{[/env || /env.json],methods=[GET],produces=[application/vnd.spring-boot.actuator.v1+json || application/json]}" onto public java.lang.Object org.springframework.boot.actuate.endpoint.mvc.EndpointMvcAdapter.invoke()
2019-12-08 22:07:31.679  INFO 26429 --- [           main] o.s.b.a.e.mvc.EndpointHandlerMapping     : Mapped "{[/beans || /beans.json],methods=[GET],produces=[application/vnd.spring-boot.actuator.v1+json || application/json]}" onto public java.lang.Object org.springframework.boot.actuate.endpoint.mvc.EndpointMvcAdapter.invoke()
2019-12-08 22:07:31.687  INFO 26429 --- [           main] o.s.b.a.e.mvc.EndpointHandlerMapping     : Mapped "{[/info || /info.json],methods=[GET],produces=[application/vnd.spring-boot.actuator.v1+json || application/json]}" onto public java.lang.Object org.springframework.boot.actuate.endpoint.mvc.EndpointMvcAdapter.invoke()
2019-12-08 22:07:31.689  INFO 26429 --- [           main] o.s.b.a.e.mvc.EndpointHandlerMapping     : Mapped "{[/trace || /trace.json],methods=[GET],produces=[application/vnd.spring-boot.actuator.v1+json || application/json]}" onto public java.lang.Object org.springframework.boot.actuate.endpoint.mvc.EndpointMvcAdapter.invoke()
2019-12-08 22:07:32.832  INFO 26429 --- [           main] o.s.j.e.a.AnnotationMBeanExporter        : Registering beans for JMX exposure on startup
2019-12-08 22:07:32.902  INFO 26429 --- [           main] o.s.c.support.DefaultLifecycleProcessor  : Starting beans in phase 0
2019-12-08 22:07:34.141  INFO 26429 --- [           main] s.b.c.e.t.TomcatEmbeddedServletContainer : Tomcat started on port(s): 8082 (http)
2019-12-08 22:07:34.765  INFO 26429 --- [           main] r.booking.BookingDemoApplication         : Started BookingDemoApplication in 40.74 seconds (JVM running for 43.545)
2019-12-08 22:07:41.597  INFO 26429 --- [nio-8082-exec-1] o.a.c.c.C.[Tomcat].[localhost].[/]       : Initializing Spring FrameworkServlet 'dispatcherServlet'
2019-12-08 22:07:41.597  INFO 26429 --- [nio-8082-exec-1] o.s.web.servlet.DispatcherServlet        : FrameworkServlet 'dispatcherServlet': initialization started
2019-12-08 22:07:45.058  INFO 26429 --- [nio-8082-exec-1] o.s.web.servlet.DispatcherServlet        : FrameworkServlet 'dispatcherServlet': initialization completed in 3461 ms
2019-12-08 22:07:50.617  INFO 26429 --- [nio-8082-exec-6] o.h.h.i.QueryTranslatorFactoryInitiator  : HHH000397: Using ASTQueryTranslatorFactory
2019-12-08 22:08:43.542  INFO 26429 --- [       Thread-5] ationConfigEmbeddedWebApplicationContext : Closing org.springframework.boot.context.embedded.AnnotationConfigEmbeddedWebApplicationContext@1877ab81: startup date [Sun Dec 08 22:06:58 MSK 2019]; root of context hierarchy
2019-12-08 22:08:43.571  INFO 26429 --- [       Thread-5] o.s.c.support.DefaultLifecycleProcessor  : Stopping beans in phase 0
2019-12-08 22:08:43.604  INFO 26429 --- [       Thread-5] o.s.j.e.a.AnnotationMBeanExporter        : Unregistering JMX-exposed beans on shutdown
2019-12-08 22:08:43.612  INFO 26429 --- [       Thread-5] j.LocalContainerEntityManagerFactoryBean : Closing JPA EntityManagerFactory for persistence unit 'default'
2019-12-08 22:08:43.614  INFO 26429 --- [       Thread-5] org.hibernate.tool.hbm2ddl.SchemaExport  : HHH000227: Running hbm2ddl schema export
2019-12-08 22:08:43.744  INFO 26429 --- [       Thread-5] org.hibernate.tool.hbm2ddl.SchemaExport  : HHH000230: Schema export complete
